0 info it worked if it ends with ok
1 verbose cli [ 'node', '/usr/local/bin/npm', 'install', 'jasmine' ]
2 info using npm@1.2.10
3 info using node@v0.8.19
4 verbose read json /Users/progressions/Desktop/Dropbox/Public/coding/package.json
5 verbose read json /Users/progressions/Desktop/Dropbox/Public/coding/package.json
6 verbose cache add [ 'jasmine', null ]
7 verbose cache add name=undefined spec="jasmine" args=["jasmine",null]
8 verbose parsed url { pathname: 'jasmine', path: 'jasmine', href: 'jasmine' }
9 silly lockFile 5bfd08bd-jasmine jasmine
10 verbose lock jasmine /Users/progressions/.npm/5bfd08bd-jasmine.lock
11 silly lockFile 5bfd08bd-jasmine jasmine
12 silly lockFile 5bfd08bd-jasmine jasmine
13 verbose addNamed [ 'jasmine', '' ]
14 verbose addNamed [ null, '' ]
15 silly lockFile fdd358a6-jasmine jasmine@
16 verbose lock jasmine@ /Users/progressions/.npm/fdd358a6-jasmine.lock
17 silly addNameRange { name: 'jasmine', range: '', hasData: false }
18 verbose url raw jasmine
19 verbose url resolving [ 'https://registry.npmjs.org/', './jasmine' ]
20 verbose url resolved https://registry.npmjs.org/jasmine
21 info trying registry request attempt 1 at 22:09:52
22 http GET https://registry.npmjs.org/jasmine
23 http 404 https://registry.npmjs.org/jasmine
24 silly registry.get cb [ 404,
24 silly registry.get   { server: 'CouchDB/1.2.1 (Erlang OTP/R15B)',
24 silly registry.get     date: 'Mon, 11 Feb 2013 04:07:59 GMT',
24 silly registry.get     'content-type': 'application/json',
24 silly registry.get     'content-length': '52',
24 silly registry.get     'cache-control': 'must-revalidate' } ]
25 silly lockFile fdd358a6-jasmine jasmine@
26 silly lockFile fdd358a6-jasmine jasmine@
27 error 404 'jasmine' is not in the npm registry.
27 error 404 You should bug the author to publish it
27 error 404
27 error 404 Note that you can also install from a
27 error 404 tarball, folder, or http url, or git url.
28 error System Darwin 11.2.0
29 error command "node" "/usr/local/bin/npm" "install" "jasmine"
30 error cwd /Users/progressions/Desktop/Dropbox/Public/coding
31 error node -v v0.8.19
32 error npm -v 1.2.10
33 error code E404
34 verbose exit [ 1, true ]
